2019-08-02 08:59:31.389742
['2019-06-01', '28', '17', '阴', '西南风', '1级']
2019-08-02 08:59:31.397563
['2019-06-02', '31', '19', '多云', '东北风', '1级']
2019-08-02 08:59:31.397563
['2019-06-03', '31', '19', '多云', '东北风', '3级']
2019-08-02 08:59:31.398533
['2019-06-04', '26', '18', '阴', '东北风', '3级']
2019-08-02 08:59:31.398533
['2019-06-05', '28', '19', '阴', '东南风', '1级']
2019-08-02 08:59:31.398533
['2019-06-06', '23', '17', '阴', '西南风', '2级']
2019-08-02 08:59:31.399508
['2019-06-07', '28', '20', '晴', '西南风', '1级']
2019-08-02 08:59:31.399508
['2019-06-08', '33', '20', '多云', '东北风', '2级']
2019-08-02 08:59:31.399508
['2019-06-09', '30', '17', '晴', '东北风', '3级']
2019-08-02 08:59:31.400487
['2019-06-10', '33', '18', '晴', '东南风', '4级']
2019-08-02 08:59:31.400487
['2019-06-11', '31', '20', '晴', '东南风', '3级']
2019-08-02 08:59:31.401464
['2019-06-12', '33', '22', '多云', '西北风', '2级']
2019-08-02 08:59:31.401464
['2019-06-13', '31', '20', '小雨', '西南风', '2级']
2019-08-02 08:59:31.401464
['2019-06-14', '34', '20', '晴', '西南风', '1级']
2019-08-02 08:59:31.401464
['2019-06-15', '31', '20', '阴', '东南风', '3级']
2019-08-02 08:59:31.402440
['2019-06-16', '21', '18', '小雨', '东北风', '1级']
2019-08-02 08:59:31.402440
['2019-06-17', '29', '20', '多云', '西南风', '2级']
2019-08-02 08:59:31.402440
['2019-06-18', '33', '22', '多云', '西北风', '2级']
2019-08-02 08:59:31.403415
['2019-06-19', '31', '22', '晴', '东南风', '2级']
2019-08-02 08:59:31.403415
['2019-06-20', '35', '24', '阴', '东北风', '2级']
2019-08-02 08:59:31.403415
['2019-06-21', '27', '20', '阴', '东南风', '3级']
2019-08-02 08:59:31.403415
['2019-06-22', '34', '22', '晴', '西南风', '2级']
2019-08-02 08:59:31.404392
['2019-06-23', '35', '22', '晴', '东南风', '2级']
2019-08-02 08:59:31.404392
['2019-06-24', '36', '24', '多云', '东南风', '2级']
2019-08-02 08:59:31.404392
['2019-06-25', '34', '25', '阴', '东南风', '2级']
2019-08-02 08:59:31.405368
['2019-06-26', '35', '23', '多云', '东北风', '3级']
2019-08-02 08:59:31.405368
['2019-06-27', '34', '24', '多云', '西南风', '2级']
2019-08-02 08:59:31.405368
['2019-06-28', '32', '22', '阴', '东南风', '3级']
2019-08-02 08:59:31.406346
['2019-06-29', '32', '23', '晴', '西北风', '3级']
2019-08-02 08:59:31.406346
['2019-06-30', '31', '20', '晴', '东北风', '1级']
2019-08-02 08:59:32.573350
['2019-05-01', '28', '12', '晴', '西南风', '3级']
2019-08-02 08:59:32.573350
['2019-05-02', '30', '12', '晴', '西南风', '3级']
2019-08-02 08:59:32.573350
['2019-05-03', '28', '17', '阴', '西南风', '3级']
2019-08-02 08:59:32.574327
['2019-05-04', '27', '16', '阴', '西北风', '3级']
2019-08-02 08:59:32.574327
['2019-05-05', '22', '9', '阴', '西北风', '1级']
2019-08-02 08:59:32.574327
['2019-05-06', '24', '11', '晴', '西南风', '2级']
2019-08-02 08:59:32.574327
['2019-05-07', '28', '14', '晴', '西南风', '4级']
2019-08-02 08:59:32.575303
['2019-05-08', '26', '15', '阴', '西南风', '3级']
2019-08-02 08:59:32.575303
['2019-05-09', '30', '14', '晴', '西南风', '3级']
2019-08-02 08:59:32.575303
['2019-05-10', '29', '15', '阴', '西南风', '2级']
2019-08-02 08:59:32.575303
['2019-05-11', '28', '16', '多云', '东南风', '3级']
2019-08-02 08:59:32.576280
['2019-05-12', '19', '11', '阴', '西南风', '2级']
2019-08-02 08:59:32.576280
['2019-05-13', '23', '11', '晴', '东南风', '3级']
2019-08-02 08:59:32.576280
['2019-05-14', '26', '16', '多云', '西南风', '微风']
2019-08-02 08:59:32.576280
['2019-05-15', '28', '15', '阴', '西南风', '3级']
2019-08-02 08:59:32.577256
['2019-05-16', '32', '18', '晴', '西南风', '4级']
2019-08-02 08:59:32.577256
['2019-05-17', '30', '20', '多云', '东北风', '4级']
2019-08-02 08:59:32.577256
['2019-05-18', '22', '19', '阴', '东南风', '2级']
2019-08-02 08:59:32.578232
['2019-05-19', '23', '12', '多云', '西北风', '6级']
2019-08-02 08:59:32.578232
['2019-05-20', '25', '12', '晴', '西南风', '1级']
2019-08-02 08:59:32.578232
['2019-05-21', '31', '14', '晴', '西南风', '1级']
2019-08-02 08:59:32.578232
['2019-05-22', '33', '17', '晴', '东南风', '2级']
2019-08-02 08:59:32.579210
['2019-05-23', '36', '19', '晴', '西南风', '2级']
2019-08-02 08:59:32.579210
['2019-05-24', '32', '19', '阴', '东南风', '2级']
2019-08-02 08:59:32.579210
['2019-05-25', '33', '22', '晴', '西南风', '3级']
2019-08-02 08:59:32.579210
['2019-05-26', '23', '16', '阴', '西北风', '5级']
2019-08-02 08:59:32.580187
['2019-05-27', '28', '14', '晴', '西南风', '1级']
2019-08-02 08:59:32.580187
['2019-05-28', '31', '17', '晴', '西南风', '3级']
2019-08-02 08:59:32.580187
['2019-05-29', '31', '20', '晴', '东南风', '2级']
2019-08-02 08:59:32.581163
['2019-05-30', '29', '16', '阴', '西北风', '4级']
2019-08-02 08:59:32.581163
['2019-05-31', '30', '20', '晴', '西南风', '3级']
2019-08-02 08:59:33.708131
['2019-04-01', '16', '5', '晴', '西南风', '2级']
2019-08-02 08:59:33.708131
['2019-04-02', '18', '3', '晴', '东南风', '2级']
2019-08-02 08:59:33.708131
['2019-04-03', '19', '7', '晴', '西南风', '3级']
2019-08-02 08:59:33.709106
['2019-04-04', '27', '9', '扬沙', '西北风', '3级']
2019-08-02 08:59:33.709106
['2019-04-05', '20', '8', '扬沙', '东北风', '微风']
2019-08-02 08:59:33.709106
['2019-04-06', '20', '7', '多云', '西南风', '3级']
2019-08-02 08:59:33.710083
['2019-04-07', '18', '7', '多云', '东南风', '2级']
2019-08-02 08:59:33.710083
['2019-04-08', '16', '6', '阴', '东南风', '3级']
2019-08-02 08:59:33.710083
['2019-04-09', '8', '4', '阴', '西北风', '1级']
2019-08-02 08:59:33.710083
['2019-04-10', '18', '10', '多云', '西南风', '3级']
2019-08-02 08:59:33.711059
['2019-04-11', '18', '6', '阴', '西南风', '2级']
2019-08-02 08:59:33.711059
['2019-04-12', '21', '10', '多云', '西南风', '3级']
2019-08-02 08:59:33.711059
['2019-04-13', '21', '8', '多云', '东北风', '3级']
2019-08-02 08:59:33.712035
['2019-04-14', '23', '9', '晴', '西南风', '4级']
2019-08-02 08:59:33.712035
['2019-04-15', '26', '13', '多云', '东南风', '3级']
2019-08-02 08:59:33.712035
['2019-04-16', '25', '14', '多云', '东南风', '1级']
2019-08-02 08:59:33.712035
['2019-04-17', '28', '14', '多云', '东北风', '1级']
2019-08-02 08:59:33.713011
['2019-04-18', '23', '11', '多云', '东南风', '2级']
2019-08-02 08:59:33.713011
['2019-04-19', '17', '10', '阴', '西南风', '4级']
2019-08-02 08:59:33.713011
['2019-04-20', '14', '9', '阴', '东南风', '1级']
2019-08-02 08:59:33.713011
['2019-04-21', '20', '9', '多云', '东南风', '3级']
2019-08-02 08:59:33.713991
['2019-04-22', '24', '14', '多云', '东南风', '3级']
2019-08-02 08:59:33.713991
['2019-04-23', '25', '16', '多云', '东南风', '2级']
2019-08-02 08:59:33.713991
['2019-04-24', '17', '7', '阴', '东北风', '3级']
2019-08-02 08:59:33.714969
['2019-04-25', '16', '9', '多云', '西南风', '4级']
2019-08-02 08:59:33.714969
['2019-04-26', '19', '10', '阴', '西南风', '4级']
2019-08-02 08:59:33.714969
['2019-04-27', '13', '5', '阴', '西南风', '3级']
2019-08-02 08:59:33.715943
['2019-04-28', '15', '9', '阴', '西南风', '1级']
2019-08-02 08:59:33.715943
['2019-04-29', '20', '13', '多云', '西南风', '2级']
2019-08-02 08:59:33.715943
['2019-04-30', '24', '12', '多云', '北风', '3级']
2019-08-02 08:59:34.874646
['2019-03-01', '14', '1', '晴', '西南风', '2级']
2019-08-02 08:59:34.874646
['2019-03-02', '15', '1', '多云', '西南风', '3级']
2019-08-02 08:59:34.874646
['2019-03-03', '14', '2', '多云', '东南风', '1级']
2019-08-02 08:59:34.875623
['2019-03-04', '17', '2', '多云', '东南风', '1级']
2019-08-02 08:59:34.875623
['2019-03-05', '17', '4', '多云', '西北风', '3级']
2019-08-02 08:59:34.875623
['2019-03-06', '10', '-2', '晴', '西南风', '1级']
2019-08-02 08:59:34.876601
['2019-03-07', '13', '-2', '晴', '西南风', '2级']
2019-08-02 08:59:34.876601
['2019-03-08', '13', '4', '多云', '东南风', '2级']
2019-08-02 08:59:34.876601
['2019-03-09', '11', '2', '阴', '东北风', '2级']
2019-08-02 08:59:34.876601
['2019-03-10', '12', '4', '多云', '东北风', '3级']
2019-08-02 08:59:34.877576
['2019-03-11', '16', '2', '晴', '西北风', '5级']
2019-08-02 08:59:34.877576
['2019-03-12', '11', '2', '晴', '西北风', '3级']
2019-08-02 08:59:34.877576
['2019-03-13', '16', '2', '多云', '西南风', '2级']
2019-08-02 08:59:34.878552
['2019-03-14', '15', '4', '多云', '西北风', '4级']
2019-08-02 08:59:34.878552
['2019-03-15', '13', '3', '多云', '西南风', '3级']
2019-08-02 08:59:34.878552
['2019-03-16', '19', '2', '晴', '西北风', '3级']
2019-08-02 08:59:34.878552
['2019-03-17', '19', '5', '晴', '西南风', '4级']
2019-08-02 08:59:34.879529
['2019-03-18', '21', '6', '阴', '东南风', '1级']
2019-08-02 08:59:34.879529
['2019-03-19', '23', '11', '多云', '东南风', '3级']
2019-08-02 08:59:34.879529
['2019-03-20', '19', '6', '阴', '东北风', '2级']
2019-08-02 08:59:34.880506
['2019-03-21', '12', '1', '晴', '东北风', '2级']
2019-08-02 08:59:34.880506
['2019-03-22', '13', '3', '晴', '西北风', '5级']
2019-08-02 08:59:34.880506
['2019-03-23', '12', '2', '晴', '西南风', '3级']
2019-08-02 08:59:34.880506
['2019-03-24', '19', '6', '晴', '西南风', '3级']
2019-08-02 08:59:34.881483
['2019-03-25', '22', '4', '晴', '西北风', '2级']
2019-08-02 08:59:34.881483
['2019-03-26', '17', '4', '阴', '东南风', '2级']
2019-08-02 08:59:34.881483
['2019-03-27', '22', '5', '多云', '东南风', '3级']
2019-08-02 08:59:34.881483
['2019-03-28', '10', '2', '阴', '东南风', '2级']
2019-08-02 08:59:34.882459
['2019-03-29', '14', '4', '阴', '西南风', '6级']
2019-08-02 08:59:34.882459
['2019-03-30', '9', '1', '晴', '西北风', '3级']
2019-08-02 08:59:34.882459
['2019-03-31', '15', '3', '多云', '西南风', '2级']
2019-08-02 08:59:36.018214
['2019-02-01', '5', '-5', '晴', '东南风', '1级']
2019-08-02 08:59:36.018214
['2019-02-02', '1', '-3', '阴', '东北风', '1级']
2019-08-02 08:59:36.019191
['2019-02-03', '7', '-7', '阴', '西北风', '4级']
2019-08-02 08:59:36.019191
['2019-02-04', '3', '-5', '多云', '北风', '微风']
2019-08-02 08:59:36.019191
['2019-02-05', '1', '-5', '多云', '东南风', '2级']
2019-08-02 08:59:36.020167
['2019-02-06', '0', '-6', '阴', '西北风', '3级']
2019-08-02 08:59:36.020167
['2019-02-07', '-3', '-7', '多云', '东北风', '1级']
2019-08-02 08:59:36.020167
['2019-02-08', '-1', '-8', '阴', '西南风', '1级']
2019-08-02 08:59:36.020167
['2019-02-09', '-1', '-8', '多云', '东南风', '2级']
2019-08-02 08:59:36.021145
['2019-02-10', '-1', '-9', '阴', '西南风', '3级']
2019-08-02 08:59:36.021145
['2019-02-11', '3', '-7', '多云', '南风', '微风']
2019-08-02 08:59:36.021145
['2019-02-12', '-2', '-6', '阴', '东北风', '1级']
2019-08-02 08:59:36.021145
['2019-02-13', '0', '-6', '多云', '东南风', '2级']
2019-08-02 08:59:36.022122
['2019-02-14', '-2', '-6', '阴', '东南风', '2级']
2019-08-02 08:59:36.022122
['2019-02-15', '0', '-6', '晴', '西北风', '4级']
2019-08-02 08:59:36.022122
['2019-02-16', '2', '-6', '晴', '西北风', '3级']
2019-08-02 08:59:36.023096
['2019-02-17', '6', '-4', '晴', '西南风', '2级']
2019-08-02 08:59:36.023096
['2019-02-18', '5', '-2', '阴', '东北风', '1级']
2019-08-02 08:59:36.023096
['2019-02-19', '5', '-4', '雨夹雪', '西北风', '3级']
2019-08-02 08:59:36.023096
['2019-02-20', '8', '-4', '晴', '西南风', '3级']
2019-08-02 08:59:36.024073
['2019-02-21', '11', '-3', '晴', '西南风', '1级']
2019-08-02 08:59:36.024073
['2019-02-22', '11', '-2', '阴', '东南风', '2级']
2019-08-02 08:59:36.024073
['2019-02-23', '13', '-2', '多云', '东南风', '2级']
2019-08-02 08:59:36.024073
['2019-02-24', '12', '0', '多云', '东北风', '2级']
2019-08-02 08:59:36.025050
['2019-02-25', '11', '-3', '阴', '北风', '1级']
2019-08-02 08:59:36.025050
['2019-02-26', '8', '-2', '阴', '东北风', '2级']
2019-08-02 08:59:36.025050
['2019-02-27', '12', '-1', '晴', '西南风', '3级']
2019-08-02 08:59:36.026027
['2019-02-28', '14', '0', '晴', '西南风', '2级']
2019-08-02 08:59:37.248697
['2019-01-01', '0', '-9', '晴', '北风', '3级']
2019-08-02 08:59:37.248697
['2019-01-02', '0', '-7', '多云', '东南风', '2级']
2019-08-02 08:59:37.248697
['2019-01-03', '0', '-6', '多云', '东北风', '1级']
2019-08-02 08:59:37.249674
['2019-01-04', '1', '-7', '晴', '西北风', '3级']
2019-08-02 08:59:37.249674
['2019-01-05', '0', '-7', '多云', '东北风', '1级']
2019-08-02 08:59:37.249674
['2019-01-06', '0', '-6', '多云', '东北风', '1级']
2019-08-02 08:59:37.249674
['2019-01-07', '2', '-6', '阴', '东北风', '1级']
2019-08-02 08:59:37.250652
['2019-01-08', '1', '-10', '晴', '西北风', '1级']
2019-08-02 08:59:37.250652
['2019-01-09', '1', '-9', '阴', '东北风', '1级']
2019-08-02 08:59:37.250652
['2019-01-10', '7', '-7', '晴', '南风', '微风']
2019-08-02 08:59:37.251628
['2019-01-11', '6', '-6', '阴', '东北风', '1级']
2019-08-02 08:59:37.251628
['2019-01-12', '5', '-5', '阴', '西南风', '2级']
2019-08-02 08:59:37.251628
['2019-01-13', '8', '-8', '晴', '东南风', '2级']
2019-08-02 08:59:37.251628
['2019-01-14', '5', '-6', '多云', '西北风', '4级']
2019-08-02 08:59:37.252607
['2019-01-15', '-1', '-11', '晴', '西南风', '2级']
2019-08-02 08:59:37.252607
['2019-01-16', '3', '-8', '晴', '西南风', '2级']
2019-08-02 08:59:37.252607
['2019-01-17', '7', '-9', '晴', '西南风', '1级']
2019-08-02 08:59:37.253580
['2019-01-18', '6', '-5', '阴', '东北风', '微风']
2019-08-02 08:59:37.253580
['2019-01-19', '4', '-4', '阴', '西北风', '2级']
2019-08-02 08:59:37.253580
['2019-01-20', '5', '-5', '晴', '西北风', '3级']
2019-08-02 08:59:37.253580
['2019-01-21', '11', '-3', '晴', '西南风', '2级']
2019-08-02 08:59:37.254557
['2019-01-22', '11', '-2', '晴', '西南风', '1级']
2019-08-02 08:59:37.254557
['2019-01-23', '12', '-5', '晴', '西南风', '2级']
2019-08-02 08:59:37.254557
['2019-01-24', '5', '-4', '阴', '西南风', '1级']
2019-08-02 08:59:37.254557
['2019-01-25', '6', '-6', '晴', '西北风', '3级']
2019-08-02 08:59:37.255534
['2019-01-26', '5', '-5', '晴', '西南风', '2级']
2019-08-02 08:59:37.255534
['2019-01-27', '9', '-3', '多云', '西北风', '4级']
2019-08-02 08:59:37.255534
['2019-01-28', '7', '-4', '晴', '西南风', '2级']
2019-08-02 08:59:37.256510
['2019-01-29', '5', '-3', '多云', '东北风', '1级']
2019-08-02 08:59:37.256510
['2019-01-30', '3', '-7', '多云', '北风', '2级']
2019-08-02 08:59:37.256510
['2019-01-31', '0', '-8', '多云', '西南风', '2级']
2019-08-02 08:59:38.433282
['2018-12-01', '7', '0', '多云', '东风', '小于3级']
2019-08-02 08:59:38.433282
['2018-12-02', '8', '2', '雾', '西北风', '1级']
2019-08-02 08:59:38.434258
['2018-12-03', '8', '-3', '多云', '东北风', '3级']
2019-08-02 08:59:38.434258
['2018-12-04', '4', '-6', '晴', '西北风', '2级']
2019-08-02 08:59:38.434258
['2018-12-05', '0', '-4', '阴', '东南风', '微风']
2019-08-02 08:59:38.434258
['2018-12-06', '-2', '-9', '晴', '西北风', '3级']
2019-08-02 08:59:38.435235
['2018-12-07', '-5', '-10', '晴', '西北风', '3级']
2019-08-02 08:59:38.435235
['2018-12-08', '-2', '-10', '晴', '西南风', '2级']
2019-08-02 08:59:38.435235
['2018-12-09', '-1', '-10', '多云', '东南风', '1级']
2019-08-02 08:59:38.435235
['2018-12-10', '0', '-7', '多云', '东北风', '1级']
2019-08-02 08:59:38.436211
['2018-12-11', '-1', '-10', '晴', '西北风', '2级']
2019-08-02 08:59:38.436211
['2018-12-12', '2', '-8', '晴', '西南风', '2级']
2019-08-02 08:59:38.436211
['2018-12-13', '4', '-7', '晴', '东南风', '1级']
2019-08-02 08:59:38.437189
['2018-12-14', '5', '-7', '晴', '东南风', '1级']
2019-08-02 08:59:38.437189
['2018-12-15', '2', '-6', '霾', '东北风', '1级']
2019-08-02 08:59:38.437189
['2018-12-16', '8', '-4', '晴', '西北风', '3级']
2019-08-02 08:59:38.437189
['2018-12-17', '9', '-3', '晴', '西南风', '1级']
2019-08-02 08:59:38.438164
['2018-12-18', '10', '-4', '晴', '东南风', '1级']
2019-08-02 08:59:38.438164
['2018-12-19', '8', '-3', '晴', '东南风', '1级']
2019-08-02 08:59:38.438164
['2018-12-20', '6', '-4', '阴', '东南风', '2级']
2019-08-02 08:59:38.438164
['2018-12-21', '9', '-3', '多云', '西南风', '2级']
2019-08-02 08:59:38.439142
['2018-12-22', '9', '-4', '阴', '西北风', '3级']
2019-08-02 08:59:38.439142
['2018-12-23', '1', '-8', '晴', '西南风', '2级']
2019-08-02 08:59:38.439142
['2018-12-24', '1', '-8', '晴', '东南风', '1级']
2019-08-02 08:59:38.439142
['2018-12-25', '3', '-9', '晴', '西北风', '3级']
2019-08-02 08:59:38.440118
['2018-12-26', '-2', '-10', '多云', '东南风', '1级']
2019-08-02 08:59:38.440118
['2018-12-27', '-7', '-9', '多云', '西北风', '3级']
2019-08-02 08:59:38.440118
['2018-12-28', '-4', '-11', '晴', '西北风', '1级']
2019-08-02 08:59:38.441094
['2018-12-29', '-1', '-11', '晴', '西北风', '3级']
2019-08-02 08:59:38.441094
['2018-12-30', '-2', '-10', '晴', '东北风', '1级']
2019-08-02 08:59:38.441094
['2018-12-31', '-3', '-9', '多云', '东南风', '2级']
2019-08-02 08:59:39.581733
['2018-11-01', '17', '3', '晴', '南风', '微风']
2019-08-02 08:59:39.581733
['2018-11-02', '15', '3', '晴', '南风', '微风']
2019-08-02 08:59:39.582710
['2018-11-03', '16', '5', '多云', '北风', '微风']
2019-08-02 08:59:39.582710
['2018-11-04', '11', '2', '小雨', '东北风', '1级']
2019-08-02 08:59:39.582710
['2018-11-05', '11', '2', '多云', '西南风', '2级']
2019-08-02 08:59:39.583687
['2018-11-06', '11', '0', '多云', '西南风', '1级']
2019-08-02 08:59:39.583687
['2018-11-07', '12', '2', '多云', '南风', '微风']
2019-08-02 08:59:39.583687
['2018-11-08', '14', '2', '晴', '西风', '2级']
2019-08-02 08:59:39.584664
['2018-11-09', '15', '1', '晴', '东风', '2级']
2019-08-02 08:59:39.584664
['2018-11-10', '11', '2', '多云', '东风', '1级']
2019-08-02 08:59:39.585640
['2018-11-11', '14', '1', '晴', '西南风', '2级']
2019-08-02 08:59:39.585640
['2018-11-12', '14', '2', '晴', '东南风', '1级']
2019-08-02 08:59:39.586619
['2018-11-13', '13', '5', '多云', '东南风', '1级']
2019-08-02 08:59:39.586619
['2018-11-14', '11', '5', '雾', '东北风', '1级']
2019-08-02 08:59:39.586619
['2018-11-15', '10', '1', '阴', '东北风', '3级']
2019-08-02 08:59:39.587595
['2018-11-16', '8', '-3', '晴', '西南风', '2级']
2019-08-02 08:59:39.587595
['2018-11-17', '9', '-2', '多云', '西南风', '2级']
2019-08-02 08:59:39.587595
['2018-11-18', '12', '-3', '晴', '西北风', '2级']
2019-08-02 08:59:39.588570
['2018-11-19', '10', '-2', '晴', '西北风', '1级']
2019-08-02 08:59:39.588570
['2018-11-20', '10', '-2', '多云', '东南风', '2级']
2019-08-02 08:59:39.588570
['2018-11-21', '9', '-3', '晴', '西南风', '2级']
2019-08-02 08:59:39.588570
['2018-11-22', '8', '-3', '晴', '东南风', '2级']
2019-08-02 08:59:39.589547
['2018-11-23', '7', '-1', '多云', '西北风', '2级']
2019-08-02 08:59:39.589547
['2018-11-24', '10', '-2', '晴', '西南风', '1级']
2019-08-02 08:59:39.590523
['2018-11-25', '11', '-2', '晴', '东南风', '1级']
2019-08-02 08:59:39.590523
['2018-11-26', '10', '-1', '浮尘', '西北风', '微风']
2019-08-02 08:59:39.590523
['2018-11-27', '9', '-3', '晴', '东南风', '2级']
2019-08-02 08:59:39.591499
['2018-11-28', '8', '-3', '晴', '东北风', '1级']
2019-08-02 08:59:39.591499
['2018-11-29', '7', '-4', '晴', '东南风', '1级']
2019-08-02 08:59:39.592475
['2018-11-30', '9', '-3', '晴', '东南风', '1级']
2019-08-02 08:59:40.736531
['2018-10-01', '25', '12', '晴', '北风', '2级']
2019-08-02 08:59:40.736531
['2018-10-02', '25', '10', '晴', '南风', '1级']
2019-08-02 08:59:40.737513
['2018-10-03', '26', '10', '晴', '南风', '微风']
2019-08-02 08:59:40.737513
['2018-10-04', '25', '11', '晴', '东南风', '1级']
2019-08-02 08:59:40.737513
['2018-10-05', '24', '14', '多云', '北风', '微风']
2019-08-02 08:59:40.738487
['2018-10-06', '20', '9', '晴', '西风', '2级']
2019-08-02 08:59:40.738487
['2018-10-07', '22', '6', '晴', '南风', '微风']
2019-08-02 08:59:40.738487
['2018-10-08', '21', '9', '多云', '南风', '1级']
2019-08-02 08:59:40.738487
['2018-10-09', '16', '3', '晴', '北风', '2级']
2019-08-02 08:59:40.739464
['2018-10-10', '17', '4', '多云', '北风', '2级']
2019-08-02 08:59:40.739464
['2018-10-11', '18', '5', '晴', '北风', '2级']
2019-08-02 08:59:40.739464
['2018-10-12', '20', '7', '多云', '东北风', '2级']
2019-08-02 08:59:40.740439
['2018-10-13', '20', '8', '晴', '西南风', '2级']
2019-08-02 08:59:40.740439
['2018-10-14', '20', '10', '多云', '西风', '1级']
2019-08-02 08:59:40.740439
['2018-10-15', '16', '11', '小雨', '东北风', '1级']
2019-08-02 08:59:40.740439
['2018-10-16', '17', '6', '多云', '东南风', '1级']
2019-08-02 08:59:40.741414
['2018-10-17', '18', '4', '晴', '东北风', '微风']
2019-08-02 08:59:40.741414
['2018-10-18', '18', '5', '晴', '西北风', '微风']
2019-08-02 08:59:40.742400
['2018-10-19', '19', '4', '晴', '东南风', '1级']
2019-08-02 08:59:40.742400
['2018-10-20', '19', '7', '多云', '东风', '1级']
2019-08-02 08:59:40.742400
['2018-10-21', '17', '6', '多云', '东北风', '1级']
2019-08-02 08:59:40.743367
['2018-10-22', '19', '5', '多云', '西北风', '3级']
2019-08-02 08:59:40.743367
['2018-10-23', '19', '3', '晴', '西南风', '2级']
2019-08-02 08:59:40.743367
['2018-10-24', '21', '6', '晴', '南风', '微风']
2019-08-02 08:59:40.744343
['2018-10-25', '16', '9', '多云', '西风', '微风']
2019-08-02 08:59:40.744343
['2018-10-26', '14', '4', '晴', '西北风', '2级']
2019-08-02 08:59:40.744343
['2018-10-27', '18', '6', '晴', '西北风', '3级']
2019-08-02 08:59:40.745321
['2018-10-28', '18', '5', '多云', '北风', '3级']
2019-08-02 08:59:40.745321
['2018-10-29', '15', '3', '晴', '北风', '1级']
2019-08-02 08:59:40.745321
['2018-10-30', '16', '1', '晴', '东北风', '微风']
2019-08-02 08:59:40.745321
['2018-10-31', '17', '3', '晴', '南风', '微风']
2019-08-02 08:59:41.893776
['2018-09-01', '28', '20', '多云', '西南风', '2级']
2019-08-02 08:59:41.893776
['2018-09-02', '27', '19', '多云', '东南风', '1级']
2019-08-02 08:59:41.894754
['2018-09-03', '33', '19', '晴', '西北风', '3级']
2019-08-02 08:59:41.894754
['2018-09-04', '32', '18', '晴', '南风', '3级']
2019-08-02 08:59:41.894754
['2018-09-05', '31', '20', '晴', '西南风', '2级']
2019-08-02 08:59:41.894754
['2018-09-06', '27', '17', '多云', '西南风', '1级']
2019-08-02 08:59:41.895729
['2018-09-10', '28', '19', '多云', '东南风', '1级']
2019-08-02 08:59:41.895729
['2018-09-11', '26', '18', '多云', '南风', '1级']
2019-08-02 08:59:41.895729
['2018-09-12', '29', '18', '多云', '东南风', '2级']
2019-08-02 08:59:41.895729
['2018-09-13', '29', '20', '多云', '南风', '2级']
2019-08-02 08:59:41.896706
['2018-09-14', '28', '19', '小雨', '南风', '1级']
2019-08-02 08:59:41.896706
['2018-09-16', '25', '13', '晴', '西风', '微风']
2019-08-02 08:59:41.896706
['2018-09-17', '27', '16', '多云', '南风', '1级']
2019-08-02 08:59:41.897681
['2018-09-18', '26', '17', '阴', '南风', '微风']
2019-08-02 08:59:41.897681
['2018-09-19', '25', '17', '多云', '东南风', '微风']
2019-08-02 08:59:41.897681
['2018-09-20', '27', '15', '多云', '西南风', '2级']
2019-08-02 08:59:41.898660
['2018-09-21', '26', '14', '晴', '北风', '2级']
2019-08-02 08:59:41.898660
['2018-09-22', '24', '12', '晴', '北风', '2级']
2019-08-02 08:59:41.898660
['2018-09-23', '24', '12', '晴', '西南风', '1级']
2019-08-02 08:59:41.899636
['2018-09-24', '23', '11', '晴', '东南风', '1级']
2019-08-02 08:59:41.899636
['2018-09-25', '24', '12', '晴', '西南风', '2级']
2019-08-02 08:59:41.899636
['2018-09-26', '24', '14', '多云', '南风', '1级']
2019-08-02 08:59:41.900614
['2018-09-27', '23', '12', '小雨', '西南风', '1级']
2019-08-02 08:59:41.900614
['2018-09-28', '24', '11', '多云', '东风', '3级']
2019-08-02 08:59:41.900614
['2018-09-29', '20', '10', '晴', '北风', '2级']
2019-08-02 08:59:41.900614
['2018-09-30', '20', '12', '多云', '北风', '2级']
2019-08-02 08:59:43.047105
['2018-08-01', '36', '27', '多云', '东南风', '2级']
2019-08-02 08:59:43.047105
['2018-08-02', '36', '27', '晴', '西南风', '2级']
2019-08-02 08:59:43.048083
['2018-08-03', '36', '26', '晴', '南风', '2级']
2019-08-02 08:59:43.048083
['2018-08-04', '36', '27', '晴', '南风', '2级']
2019-08-02 08:59:43.048083
['2018-08-05', '35', '26', '雷阵雨', '东南风', '1级']
2019-08-02 08:59:43.049059
['2018-08-06', '30', '22', '阵雨', '南风', '1级']
2019-08-02 08:59:43.049059
['2018-08-07', '30', '24', '雷阵雨', '南风', '微风']
2019-08-02 08:59:43.049059
['2018-08-08', '30', '22', '小雨', '东风', '2级']
2019-08-02 08:59:43.049059
['2018-08-09', '32', '24', '多云', '西南风', '1级']
2019-08-02 08:59:43.050035
['2018-08-10', '33', '26', '雷阵雨', '西南风', '1级']
2019-08-02 08:59:43.050035
['2018-08-11', '30', '23', '中雨', '东南风', '1级']
2019-08-02 08:59:43.050035
['2018-08-12', '30', '24', '雷阵雨', '东南风', '1级']
2019-08-02 08:59:43.050035
['2018-08-13', '30', '24', '雷阵雨', '东南风', '1级']
2019-08-02 08:59:43.051012
['2018-08-14', '29', '24', '雷阵雨', '东北风', '1级']
2019-08-02 08:59:43.051012
['2018-08-15', '33', '24', '多云', '东风', '2级']
2019-08-02 08:59:43.051012
['2018-08-16', '32', '21', '晴', '南风', '1级']
2019-08-02 08:59:43.051989
['2018-08-17', '31', '23', '多云', '东南风', '2级']
2019-08-02 08:59:43.051989
['2018-08-18', '28', '21', '小雨', '东北风', '1级']
2019-08-02 08:59:43.051989
['2018-08-19', '28', '23', '小雨', '东南风', '1级']
2019-08-02 08:59:43.051989
['2018-08-20', '33', '23', '晴', '南风', '1级']
2019-08-02 08:59:43.052965
['2018-08-21', '33', '22', '多云', '西风', '1级']
2019-08-02 08:59:43.052965
['2018-08-22', '29', '20', '雷阵雨', '西南风', '1级']
2019-08-02 08:59:43.052965
['2018-08-23', '31', '21', '晴', '东风', '2级']
2019-08-02 08:59:43.053942
['2018-08-24', '32', '20', '多云', '西风', '1级']
2019-08-02 08:59:43.053942
['2018-08-25', '32', '22', '多云', '西南风', '2级']
2019-08-02 08:59:43.053942
['2018-08-26', '31', '22', '多云', '南风', '2级']
2019-08-02 08:59:43.054919
['2018-08-27', '31', '22', '阴', '南风', '2级']
2019-08-02 08:59:43.054919
['2018-08-28', '30', '22', '多云', '东北风', '1级']
2019-08-02 08:59:43.054919
['2018-08-29', '32', '20', '晴', '东风', '2级']
2019-08-02 08:59:43.054919
['2018-08-30', '28', '20', '小雨', '南风', '1级']
2019-08-02 08:59:43.055896
['2018-08-31', '29', '20', '多云', '南风', '1级']
2019-08-02 08:59:44.221924
['2018-07-01', '35', '23', '晴', '东风', '2级']
2019-08-02 08:59:44.221924
['2018-07-02', '31', '23', '多云', '东南风', '2级']
2019-08-02 08:59:44.222900
['2018-07-03', '32', '23', '阵雨', '南风', '1级']
2019-08-02 08:59:44.222900
['2018-07-04', '36', '25', '多云', '东南风', '1级']
2019-08-02 08:59:44.222900
['2018-07-05', '36', '24', '多云', '东北风', '4级']
2019-08-02 08:59:44.222900
['2018-07-06', '35', '23', '多云', '东南风', '2级']
2019-08-02 08:59:44.223876
['2018-07-07', '28', '22', '雷阵雨', '东风', '微风']
2019-08-02 08:59:44.223876
['2018-07-08', '30', '23', '雷阵雨', '东南风', '2级']
2019-08-02 08:59:44.223876
['2018-07-09', '29', '22', '雷阵雨', '东南风', '1级']
2019-08-02 08:59:44.224853
['2018-07-10', '30', '23', '阴', '东南风', '1级']
2019-08-02 08:59:44.224853
['2018-07-11', '25', '21', '中雨', '东南风', '微风']
2019-08-02 08:59:44.224853
['2018-07-12', '27', '22', '多云', '北风', '2级']
2019-08-02 08:59:44.224853
['2018-07-13', '29', '24', '雷阵雨', '东风', '1级']
2019-08-02 08:59:44.225829
['2018-07-14', '31', '24', '中雨', '南风', '1级']
2019-08-02 08:59:44.225829
['2018-07-15', '32', '25', '多云', '东南风', '2级']
2019-08-02 08:59:44.225829
['2018-07-16', '31', '25', '雷阵雨', '东北风', '2级']
2019-08-02 08:59:44.225829
['2018-07-17', '26', '23', '大雨', '东风', '1级']
2019-08-02 08:59:44.226807
['2018-07-18', '32', '23', '多云', '东北风', '1级']
2019-08-02 08:59:44.226807
['2018-07-19', '29', '24', '雷阵雨', '东北风', '1级']
2019-08-02 08:59:44.226807
['2018-07-20', '34', '26', '多云', '南风', '2级']
2019-08-02 08:59:44.227783
['2018-07-21', '34', '26', '雷阵雨', '东南风', '2级']
2019-08-02 08:59:44.227783
['2018-07-22', '34', '25', '多云', '东北风', '2级']
2019-08-02 08:59:44.227783
['2018-07-23', '32', '25', '雷阵雨', '东风', '2级']
2019-08-02 08:59:44.227783
['2018-07-24', '29', '24', '大雨', '南风', '1级']
2019-08-02 08:59:44.228759
['2018-07-25', '34', '24', '多云', '北风', '2级']
2019-08-02 08:59:44.228759
['2018-07-26', '35', '24', '多云', '东南风', '2级']
2019-08-02 08:59:44.228759
['2018-07-27', '31', '24', '多云', '东风', '1级']
2019-08-02 08:59:44.228759
['2018-07-28', '33', '24', '多云', '东南风', '1级']
2019-08-02 08:59:44.229735
['2018-07-29', '33', '25', '多云', '东南风', '2级']
2019-08-02 08:59:44.229735
['2018-07-30', '34', '24', '晴', '东南风', '1级']
2019-08-02 08:59:44.229735
['2018-07-31', '36', '27', '晴', '南风', '2级']
2019-08-02 08:59:45.384046
['2018-06-01', '37', '20', '晴', '西南风', '2级']
2019-08-02 08:59:45.384046
['2018-06-02', '36', '23', '多云', '西南风', '2级']
2019-08-02 08:59:45.384046
['2018-06-03', '30', '19', '小雨', '南风', '2级']
2019-08-02 08:59:45.384046
['2018-06-04', '36', '21', '晴', '西南风', '2级']
2019-08-02 08:59:45.385023
['2018-06-05', '38', '25', '多云', '南风', '3级']
2019-08-02 08:59:45.385023
['2018-06-06', '36', '25', '多云', '北风', '2级']
2019-08-02 08:59:45.385023
['2018-06-07', '33', '22', '多云', '东风', '2级']
2019-08-02 08:59:45.386000
['2018-06-08', '32', '23', '多云', '东南风', '2级']
2019-08-02 08:59:45.386000
['2018-06-09', '22', '18', '小雨', '东风', '1级']
2019-08-02 08:59:45.386000
['2018-06-10', '27', '17', '多云', '东南风', '2级']
2019-08-02 08:59:45.386000
['2018-06-11', '29', '20', '多云', '西南风', '3级']
2019-08-02 08:59:45.386977
['2018-06-12', '31', '19', '雷阵雨', '西北风', '1级']
2019-08-02 08:59:45.386977
['2018-06-13', '27', '18', '雷阵雨', '东风', '2级']
2019-08-02 08:59:45.386977
['2018-06-14', '31', '19', '多云', '东风', '3级']
2019-08-02 08:59:45.387953
['2018-06-15', '31', '20', '多云', '东南风', '3级']
2019-08-02 08:59:45.387953
['2018-06-16', '30', '21', '多云', '西北风', '1级']
2019-08-02 08:59:45.387953
['2018-06-17', '28', '19', '阵雨', '东南风', '1级']
2019-08-02 08:59:45.387953
['2018-06-18', '31', '21', '雷阵雨', '西风', '1级']
2019-08-02 08:59:45.388933
['2018-06-19', '33', '20', '晴', '东南风', '2级']
2019-08-02 08:59:45.388933
['2018-06-20', '36', '21', '晴', '西南风', '2级']
2019-08-02 08:59:45.388933
['2018-06-21', '35', '23', '多云', '东南风', '2级']
2019-08-02 08:59:45.388933
['2018-06-22', '30', '21', '多云', '东北风', '1级']
2019-08-02 08:59:45.389910
['2018-06-23', '36', '25', '晴', '西南风', '1级']
2019-08-02 08:59:45.389910
['2018-06-24', '37', '25', '多云', '南风', '2级']
2019-08-02 08:59:45.389910
['2018-06-25', '34', '24', '阴', '东风', '2级']
2019-08-02 08:59:45.390883
['2018-06-26', '36', '25', '多云', '西南风', '2级']
2019-08-02 08:59:45.390883
['2018-06-27', '38', '24', '多云', '东北风', '1级']
2019-08-02 08:59:45.390883
['2018-06-28', '36', '23', '晴', '西南风', '微风']
2019-08-02 08:59:45.390883
['2018-06-29', '38', '25', '晴', '西北风', '1级']
2019-08-02 08:59:45.391858
['2018-06-30', '37', '23', '雷阵雨', '东风', '3级']
2019-08-02 08:59:46.573513
['2018-05-01', '25', '13', '浮尘', '西南风', '2级']
2019-08-02 08:59:46.573513
['2018-05-02', '25', '13', '多云', '西南风', '2级']
2019-08-02 08:59:46.574490
['2018-05-03', '24', '11', '晴', '南风', '3级']
2019-08-02 08:59:46.574490
['2018-05-04', '27', '16', '晴', '南风', '1级']
2019-08-02 08:59:46.574490
['2018-05-05', '25', '13', '阴', '东风', '1级']
2019-08-02 08:59:46.574490
['2018-05-06', '28', '14', '晴', '西南风', '3级']
2019-08-02 08:59:46.575467
['2018-05-07', '28', '12', '晴', '南风', '2级']
2019-08-02 08:59:46.575467
['2018-05-08', '27', '13', '晴', '西南风', '2级']
2019-08-02 08:59:46.575467
['2018-05-09', '27', '16', '晴', '南风', '3级']
2019-08-02 08:59:46.576445
['2018-05-10', '27', '18', '多云', '南风', '1级']
2019-08-02 08:59:46.576445
['2018-05-11', '23', '16', '小雨', '东风', '2级']
2019-08-02 08:59:46.576445
['2018-05-12', '28', '16', '雷阵雨', '西南风', '2级']
2019-08-02 08:59:46.576445
['2018-05-13', '30', '18', '晴', '南风', '2级']
2019-08-02 08:59:46.577420
['2018-05-14', '33', '22', '多云', '西南风', '3级']
2019-08-02 08:59:46.577420
['2018-05-15', '30', '22', '小雨', '西风', '2级']
2019-08-02 08:59:46.577420
['2018-05-16', '28', '21', '多云', '东风', '1级']
2019-08-02 08:59:46.577420
['2018-05-17', '25', '19', '小雨', '东北风', '微风']
2019-08-02 08:59:46.578395
['2018-05-18', '28', '17', '晴', '东南风', '1级']
2019-08-02 08:59:46.578395
['2018-05-19', '29', '17', '多云', '西南风', '3级']
2019-08-02 08:59:46.578395
['2018-05-20', '21', '16', '小雨', '东北风', '1级']
2019-08-02 08:59:46.579372
['2018-05-21', '18', '15', '小雨', '南风', '1级']
2019-08-02 08:59:46.579372
['2018-05-22', '26', '11', '晴', '西北风', '3级']
2019-08-02 08:59:46.579372
['2018-05-23', '30', '16', '晴', '西南风', '3级']
2019-08-02 08:59:46.579372
['2018-05-24', '32', '18', '晴', '西南风', '2级']
2019-08-02 08:59:46.580348
['2018-05-25', '32', '20', '多云', '南风', '2级']
2019-08-02 08:59:46.580348
['2018-05-26', '31', '18', '雷阵雨', '北风', '2级']
2019-08-02 08:59:46.580348
['2018-05-27', '33', '19', '多云', '西南风', '3级']
2019-08-02 08:59:46.581324
['2018-05-28', '31', '17', '晴', '东北风', '1级']
2019-08-02 08:59:46.581324
['2018-05-29', '32', '17', '多云', '西北风', '1级']
2019-08-02 08:59:46.581324
['2018-05-30', '33', '19', '晴', '西南风', '3级']
2019-08-02 08:59:46.581324
['2018-05-31', '35', '20', '晴', '西南风', '2级']
2019-08-02 08:59:47.726359
['2018-04-01', '26', '11', '晴', '东南风', '1级']
2019-08-02 08:59:47.726359
['2018-04-02', '25', '11', '霾', '东北风', '1级']
2019-08-02 08:59:47.727336
['2018-04-03', '13', '3', '阴', '东北风', '2级']
2019-08-02 08:59:47.727336
['2018-04-04', '10', '0', '雨夹雪', '西风', '微风']
2019-08-02 08:59:47.727336
['2018-04-05', '9', '3', '多云', '西南风', '2级']
2019-08-02 08:59:47.728312
['2018-04-06', '11', '4', '多云', '西风', '5级']
2019-08-02 08:59:47.728312
['2018-04-07', '13', '2', '晴', '东风', '1级']
2019-08-02 08:59:47.728312
['2018-04-08', '18', '4', '晴', '西南风', '2级']
2019-08-02 08:59:47.728312
['2018-04-09', '21', '7', '多云', '东风', '2级']
2019-08-02 08:59:47.729289
['2018-04-10', '24', '8', '扬沙', '北风', '2级']
2019-08-02 08:59:47.729289
['2018-04-11', '24', '9', '晴', '西北风', '2级']
2019-08-02 08:59:47.729289
['2018-04-12', '22', '7', '多云', '东南风', '3级']
2019-08-02 08:59:47.730267
['2018-04-13', '11', '6', '小雨', '南风', '2级']
2019-08-02 08:59:47.730267
['2018-04-14', '21', '6', '晴', '西北风', '3级']
2019-08-02 08:59:47.730267
['2018-04-15', '22', '8', '晴', '西南风', '3级']
2019-08-02 08:59:47.730267
['2018-04-16', '23', '11', '晴', '南风', '1级']
2019-08-02 08:59:47.731242
['2018-04-17', '25', '12', '多云', '南风', '1级']
2019-08-02 08:59:47.731242
['2018-04-18', '27', '13', '多云', '东北风', '1级']
2019-08-02 08:59:47.731242
['2018-04-19', '26', '13', '多云', '东风', '3级']
2019-08-02 08:59:47.731242
['2018-04-20', '29', '14', '多云', '东风', '2级']
2019-08-02 08:59:47.732218
['2018-04-21', '17', '12', '中雨', '东北风', '2级']
2019-08-02 08:59:47.732218
['2018-04-22', '16', '12', '阴', '东北风', '1级']
2019-08-02 08:59:47.732218
['2018-04-23', '19', '9', '多云', '东风', '1级']
2019-08-02 08:59:47.733195
['2018-04-24', '23', '10', '多云', '西南风', '2级']
2019-08-02 08:59:47.733195
['2018-04-25', '25', '11', '多云', '南风', '3级']
2019-08-02 08:59:47.733195
['2018-04-26', '26', '12', '晴', '西南风', '2级']
2019-08-02 08:59:47.733195
['2018-04-27', '27', '13', '晴', '西南风', '2级']
2019-08-02 08:59:47.734174
['2018-04-28', '27', '16', '晴', '西南风', '2级']
2019-08-02 08:59:47.734174
['2018-04-29', '28', '16', '多云', '南风', '2级']
2019-08-02 08:59:47.734174
['2018-04-30', '25', '13', '多云', '东风', '2级']
2019-08-02 08:59:48.899227
['2018-03-01', '8', '-3', '晴', '西南风', '2级']
2019-08-02 08:59:48.899227
['2018-03-02', '10', '-1', '晴', '东北风', '1级']
2019-08-02 08:59:48.900203
['2018-03-03', '12', '3', '多云', '东北风', '微风']
2019-08-02 08:59:48.900203
['2018-03-04', '8', '-2', '多云', '东南风', '1级']
2019-08-02 08:59:48.900203
['2018-03-05', '8', '-3', '多云', '南风', '2级']
2019-08-02 08:59:48.900203
['2018-03-06', '6', '-2', '多云', '东南风', '2级']
2019-08-02 08:59:48.901179
['2018-03-07', '5', '-2', '阴', '东北风', '2级']
2019-08-02 08:59:48.901179
['2018-03-08', '7', '-4', '晴', '南风', '2级']
2019-08-02 08:59:48.902157
['2018-03-09', '10', '-2', '多云', '南风', '1级']
2019-08-02 08:59:48.902157
['2018-03-10', '15', '-2', '晴', '东南风', '2级']
2019-08-02 08:59:48.903132
['2018-03-11', '9', '0', '多云', '东风', '2级']
2019-08-02 08:59:48.903132
['2018-03-12', '14', '2', '晴', '东南风', '微风']
2019-08-02 08:59:48.903132
['2018-03-13', '17', '5', '晴', '北风', '微风']
2019-08-02 08:59:48.904109
['2018-03-14', '17', '7', '多云', '西北风', '1级']
2019-08-02 08:59:48.904109
['2018-03-15', '12', '0', '多云', '东风', '2级']
2019-08-02 08:59:48.904109
['2018-03-16', '10', '-2', '多云', '南风', '2级']
2019-08-02 08:59:48.905090
['2018-03-17', '2', '0', '小雪', '东风', '1级']
2019-08-02 08:59:48.905090
['2018-03-18', '12', '1', '晴', '南风', '2级']
2019-08-02 08:59:48.905090
['2018-03-19', '15', '3', '多云', '东南风', '2级']
2019-08-02 08:59:48.905090
['2018-03-20', '9', '-3', '多云', '南风', '1级']
2019-08-02 08:59:48.906062
['2018-03-21', '11', '1', '多云', '南风', '1级']
2019-08-02 08:59:48.906062
['2018-03-22', '17', '4', '晴', '南风', '2级']
2019-08-02 08:59:48.907040
['2018-03-23', '18', '4', '多云', '西风', '1级']
2019-08-02 08:59:48.907040
['2018-03-24', '22', '5', '晴', '西南风', '3级']
2019-08-02 08:59:48.907040
['2018-03-25', '27', '6', '晴', '西南风', '3级']
2019-08-02 08:59:48.908017
['2018-03-26', '26', '8', '多云', '南风', '1级']
2019-08-02 08:59:48.908017
['2018-03-27', '27', '11', '晴', '东南风', '1级']
2019-08-02 08:59:48.908993
['2018-03-28', '25', '8', '多云', '南风', '1级']
2019-08-02 08:59:48.908993
['2018-03-29', '20', '7', '晴', '南风', '2级']
2019-08-02 08:59:48.908993
['2018-03-30', '17', '8', '多云', '南风', '2级']
2019-08-02 08:59:48.909970
['2018-03-31', '24', '9', '多云', '南风', '1级']
2019-08-02 08:59:50.093578
['2018-02-01', '5', '-7', '多云', '西北风', '2级']
2019-08-02 08:59:50.093578
['2018-02-02', '-1', '-9', '晴', '西北风', '3级']
2019-08-02 08:59:50.094553
['2018-02-03', '1', '-10', '晴', '北风', '3级']
2019-08-02 08:59:50.094553
['2018-02-04', '3', '-8', '晴', '北风', '1级']
2019-08-02 08:59:50.094553
['2018-02-05', '0', '-11', '晴', '东北风', '2级']
2019-08-02 08:59:50.095529
['2018-02-06', '3', '-7', '多云', '南风', '1级']
2019-08-02 08:59:50.095529
['2018-02-07', '2', '-9', '多云', '西北风', '2级']
2019-08-02 08:59:50.095529
['2018-02-08', '3', '-8', '多云', '东风', '1级']
2019-08-02 08:59:50.096505
['2018-02-09', '4', '-9', '多云', '西北风', '2级']
2019-08-02 08:59:50.096505
['2018-02-10', '0', '-9', '晴', '西北风', '3级']
2019-08-02 08:59:50.096505
['2018-02-11', '-1', '-7', '晴', '西北风', '4级']
2019-08-02 08:59:50.097482
['2018-02-12', '5', '-8', '晴', '西南风', '2级']
2019-08-02 08:59:50.097482
['2018-02-13', '8', '-4', '晴', '东北风', '微风']
2019-08-02 08:59:50.097482
['2018-02-14', '6', '-6', '多云', '东北风', '1级']
2019-08-02 08:59:50.098461
['2018-02-15', '-5', '-5', '多云', '南风', '2级']
2019-08-02 08:59:50.098461
['2018-02-16', '6', '-5', '晴', '西风', '2级']
2019-08-02 08:59:50.098461
['2018-02-17', '3', '-5', '阴', '东北风', '微风']
2019-08-02 08:59:50.099436
['2018-02-18', '8', '-3', '多云', '西南风', '1级']
2019-08-02 08:59:50.099436
['2018-02-19', '6', '-3', '多云', '东南风', '1级']
2019-08-02 08:59:50.100413
['2018-02-20', '6', '-5', '多云', '西风', '2级']
2019-08-02 08:59:50.100413
['2018-02-21', '8', '-4', '晴', '西风', '2级']
2019-08-02 08:59:50.100413
['2018-02-22', '9', '-4', '多云', '西风', '1级']
2019-08-02 08:59:50.101389
['2018-02-23', '10', '-4', '多云', '东北风', '1级']
2019-08-02 08:59:50.102364
['2018-02-24', '3', '-7', '多云', '南风', '2级']
2019-08-02 08:59:50.102364
['2018-02-25', '6', '-4', '多云', '东风', '1级']
2019-08-02 08:59:50.103342
['2018-02-26', '12', '0', '晴', '东南风', '微风']
2019-08-02 08:59:50.103342
['2018-02-27', '7', '1', '阴', '南风', '2级']
2019-08-02 08:59:50.104319
['2018-02-28', '8', '-2', '多云', '西北风', '4级']
2019-08-02 08:59:51.284017
['2018-01-01', '4', '-6', '晴', '东北风', '1级']
2019-08-02 08:59:51.284993
['2018-01-02', '2', '-5', '多云', '西北风', '2级']
2019-08-02 08:59:51.284993
['2018-01-03', '2', '-6', '多云', '西北风', '3级']
2019-08-02 08:59:51.284993
['2018-01-04', '-1', '-7', '阴', '东南风', '1级']
2019-08-02 08:59:51.284993
['2018-01-05', '4', '-6', '多云', '西风', '1级']
2019-08-02 08:59:51.285971
['2018-01-06', '2', '-4', '多云', '南风', '1级']
2019-08-02 08:59:51.285971
['2018-01-07', '3', '-4', '阴', '西风', '3级']
2019-08-02 08:59:51.285971
['2018-01-08', '2', '-6', '晴', '西北风', '2级']
2019-08-02 08:59:51.286947
['2018-01-09', '2', '-8', '晴', '西风', '4级']
2019-08-02 08:59:51.286947
['2018-01-10', '-2', '-10', '晴', '北风', '2级']
2019-08-02 08:59:51.286947
['2018-01-11', '-1', '-11', '晴', '西北风', '1级']
2019-08-02 08:59:51.286947
['2018-01-12', '2', '-8', '晴', '西南风', '微风']
2019-08-02 08:59:51.287925
['2018-01-13', '4', '-7', '多云', '东风', '1级']
2019-08-02 08:59:51.287925
['2018-01-14', '6', '-5', '晴', '东北风', '1级']
2019-08-02 08:59:51.287925
['2018-01-15', '2', '-5', '阴', '东南风', '2级']
2019-08-02 08:59:51.287925
['2018-01-16', '5', '-5', '多云', '西南风', '1级']
2019-08-02 08:59:51.288901
['2018-01-17', '6', '-7', '多云', '北风', '1级']
2019-08-02 08:59:51.288901
['2018-01-18', '5', '-6', '晴', '南风', '1级']
2019-08-02 08:59:51.288901
['2018-01-19', '7', '-4', '晴', '西风', '2级']
2019-08-02 08:59:51.289880
['2018-01-20', '3', '-6', '阴', '东南风', '2级']
2019-08-02 08:59:51.289880
['2018-01-21', '0', '-5', '阴', '东风', '2级']
2019-08-02 08:59:51.289880
['2018-01-22', '-1', '-11', '晴', '西北风', '4级']
2019-08-02 08:59:51.290855
['2018-01-23', '-4', '-13', '晴', '西风', '2级']
2019-08-02 08:59:51.290855
['2018-01-24', '-4', '-11', '晴', '西风', '2级']
2019-08-02 08:59:51.290855
['2018-01-25', '-3', '-11', '多云', '东风', '1级']
2019-08-02 08:59:51.290855
['2018-01-26', '-4', '-10', '晴', '东南风', '1级']
2019-08-02 08:59:51.291828
['2018-01-27', '-2', '-9', '多云', '北风', '1级']
2019-08-02 08:59:51.291828
['2018-01-28', '-2', '-9', '晴', '西北风', '4级']
2019-08-02 08:59:51.291828
['2018-01-29', '2', '-8', '晴', '西北风', '2级']
2019-08-02 08:59:51.292806
['2018-01-30', '5', '-6', '晴', '西风', '2级']
2019-08-02 08:59:51.292806
['2018-01-31', '4', '-8', '晴', '西风', '2级']
2019-08-02 08:59:52.465671
['2017-12-01', '5', '-6', '晴', '西南风', '1级']
2019-08-02 08:59:52.465671
['2017-12-02', '7', '-4', '晴', '东风', '1级']
2019-08-02 08:59:52.466650
['2017-12-03', '5', '-5', '多云', '西北风', '3级']
2019-08-02 08:59:52.466650
['2017-12-04', '3', '-8', '多云', '西北风', '3级']
2019-08-02 08:59:52.466650
['2017-12-05', '7', '-5', '晴', '西南风', '2级']
2019-08-02 08:59:52.467624
['2017-12-06', '9', '-5', '晴', '西北风', '2级']
2019-08-02 08:59:52.467624
['2017-12-07', '7', '-5', '多云', '北风', '2级']
2019-08-02 08:59:52.467624
['2017-12-08', '6', '-5', '晴', '西南风', '2级']
2019-08-02 08:59:52.467624
['2017-12-09', '7', '-4', '多云', '西风', '2级']
2019-08-02 08:59:52.468601
['2017-12-10', '4', '-5', '晴', '东风', '2级']
2019-08-02 08:59:52.468601
['2017-12-11', '2', '-8', '晴', '东北风', '2级']
2019-08-02 08:59:52.468601
['2017-12-12', '-1', '-8', '多云', '东北风', '1级']
2019-08-02 08:59:52.468601
['2017-12-13', '0', '-5', '晴', '南风', '1级']
2019-08-02 08:59:52.469578
['2017-12-14', '0', '-4', '阴', '西南风', '1级']
2019-08-02 08:59:52.469578
['2017-12-15', '3', '-6', '多云', '西北风', '3级']
2019-08-02 08:59:52.469578
['2017-12-16', '0', '-9', '晴', '西北风', '2级']
2019-08-02 08:59:52.469578
['2017-12-17', '4', '-5', '晴', '西南风', '2级']
2019-08-02 08:59:52.470555
['2017-12-18', '6', '-7', '晴', '北风', '1级']
2019-08-02 08:59:52.470555
['2017-12-19', '4', '-4', '多云', '西风', '1级']
2019-08-02 08:59:52.470555
['2017-12-20', '7', '-6', '多云', '西风', '1级']
2019-08-02 08:59:52.471531
['2017-12-21', '9', '-5', '晴', '北风', '微风']
2019-08-02 08:59:52.471531
['2017-12-22', '11', '-6', '多云', '东风', '1级']
2019-08-02 08:59:52.471531
['2017-12-23', '7', '-3', '多云', '东北风', '1级']
2019-08-02 08:59:52.471531
['2017-12-24', '6', '-6', '晴', '西北风', '2级']
2019-08-02 08:59:52.472508
['2017-12-25', '6', '-5', '晴', '东风', '1级']
2019-08-02 08:59:52.472508
['2017-12-26', '3', '-6', '晴', '西南风', '1级']
2019-08-02 08:59:52.472508
['2017-12-27', '5', '-5', '多云', '北风', '1级']
2019-08-02 08:59:52.472508
['2017-12-28', '3', '-4', '晴', '东南风', '1级']
2019-08-02 08:59:52.473484
['2017-12-29', '2', '-4', '多云', '南风', '1级']
2019-08-02 08:59:52.473484
['2017-12-30', '5', '-7', '多云', '西北风', '2级']
2019-08-02 08:59:52.473484
['2017-12-31', '5', '-7', '晴', '西风', '2级']
2019-08-02 08:59:53.638049
['2017-11-01', '17', '6', '晴', '北风', '微风']
2019-08-02 08:59:53.638049
['2017-11-02', '17', '3', '晴', '东北风', '1级']
2019-08-02 08:59:53.638049
['2017-11-03', '13', '0', '晴', '东南风', '1级']
2019-08-02 08:59:53.639027
['2017-11-04', '15', '3', '晴', '南风', '1级']
2019-08-02 08:59:53.639027
['2017-11-05', '15', '4', '晴', '东风', '1级']
2019-08-02 08:59:53.639027
['2017-11-06', '15', '4', '多云', '北风', '微风']
2019-08-02 08:59:53.640002
['2017-11-07', '19', '4', '晴', '西北风', '1级']
2019-08-02 08:59:53.640002
['2017-11-08', '16', '4', '多云', '东南风', '1级']
2019-08-02 08:59:53.640002
['2017-11-09', '13', '5', '阴', '东南风', '1级']
2019-08-02 08:59:53.640002
['2017-11-10', '12', '-1', '晴', '北风', '2级']
2019-08-02 08:59:53.640978
['2017-11-11', '11', '0', '晴', '南风', '2级']
2019-08-02 08:59:53.640978
['2017-11-12', '12', '-1', '晴', '北风', '微风']
2019-08-02 08:59:53.640978
['2017-11-13', '13', '0', '晴', '西北风', '3级']
2019-08-02 08:59:53.641956
['2017-11-14', '9', '-4', '晴', '西南风', '2级']
2019-08-02 08:59:53.641956
['2017-11-15', '7', '-3', '晴', '东风', '1级']
2019-08-02 08:59:53.641956
['2017-11-16', '8', '-1', '晴', '东南风', '1级']
2019-08-02 08:59:53.641956
['2017-11-17', '6', '-4', '多云', '西北风', '3级']
2019-08-02 08:59:53.642931
['2017-11-18', '6', '-6', '晴', '西南风', '3级']
2019-08-02 08:59:53.642931
['2017-11-19', '6', '-5', '多云', '西北风', '2级']
2019-08-02 08:59:53.642931
['2017-11-20', '9', '-3', '晴', '西南风', '2级']
2019-08-02 08:59:53.643908
['2017-11-21', '8', '-2', '多云', '西南风', '2级']
2019-08-02 08:59:53.643908
['2017-11-22', '9', '-5', '晴', '西北风', '3级']
2019-08-02 08:59:53.643908
['2017-11-23', '7', '-4', '多云', '西北风', '3级']
2019-08-02 08:59:53.643908
['2017-11-24', '8', '-5', '多云', '西南风', '2级']
2019-08-02 08:59:53.644884
['2017-11-25', '7', '-3', '阴', '东北风', '1级']
2019-08-02 08:59:53.644884
['2017-11-26', '4', '-4', '晴', '南风', '2级']
2019-08-02 08:59:53.644884
['2017-11-27', '7', '-3', '多云', '东风', '微风']
2019-08-02 08:59:53.644884
['2017-11-28', '7', '-6', '晴', '西北风', '2级']
2019-08-02 08:59:53.645862
['2017-11-29', '1', '-6', '多云', '北风', '1级']
2019-08-02 08:59:53.645862
['2017-11-30', '3', '-5', '晴', '西南风', '2级']
2019-08-02 08:59:54.848024
['2017-10-01', '26', '13', '多云', '北风', '1级']
2019-08-02 08:59:54.848024
['2017-10-02', '17', '8', '小雨', '西风', '1级']
2019-08-02 08:59:54.848024
['2017-10-03', '20', '10', '多云', '西南风', '2级']
2019-08-02 08:59:54.849000
['2017-10-04', '22', '9', '晴', '南风', '2级']
2019-08-02 08:59:54.849000
['2017-10-05', '21', '11', '多云', '南风', '2级']
2019-08-02 08:59:54.849000
['2017-10-06', '23', '13', '多云', '西南风', '1级']
2019-08-02 08:59:54.849976
['2017-10-07', '19', '13', '小雨', '东南风', '1级']
2019-08-02 08:59:54.849976
['2017-10-08', '19', '13', '小雨', '北风', '微风']
2019-08-02 08:59:54.849976
['2017-10-09', '15', '9', '中雨', '东北风', '1级']
2019-08-02 08:59:54.849976
['2017-10-10', '11', '6', '小雨', '北风', '1级']
2019-08-02 08:59:54.850952
['2017-10-11', '16', '6', '多云', '西北风', '2级']
2019-08-02 08:59:54.850952
['2017-10-12', '15', '6', '小雨', '西风', '1级']
2019-08-02 08:59:54.850952
['2017-10-13', '18', '9', '晴', '北风', '微风']
2019-08-02 08:59:54.850952
['2017-10-14', '14', '9', '小雨', '北风', '2级']
2019-08-02 08:59:54.851937
['2017-10-15', '17', '8', '多云', '西南风', '1级']
2019-08-02 08:59:54.851937
['2017-10-16', '19', '8', '晴', '北风', '微风']
2019-08-02 08:59:54.851937
['2017-10-17', '16', '11', '阴', '南风', '2级']
2019-08-02 08:59:54.852907
['2017-10-18', '15', '9', '小雨', '东风', '1级']
2019-08-02 08:59:54.852907
['2017-10-19', '19', '9', '多云', '南风', '1级']
2019-08-02 08:59:54.852907
['2017-10-20', '21', '11', '晴', '东南风', '1级']
2019-08-02 08:59:54.852907
['2017-10-21', '18', '10', '阴', '南风', '1级']
2019-08-02 08:59:54.853883
['2017-10-22', '13', '8', '阴', '西南风', '1级']
2019-08-02 08:59:54.853883
['2017-10-23', '16', '6', '晴', '西南风', '1级']
2019-08-02 08:59:54.853883
['2017-10-24', '19', '8', '晴', '西南风', '2级']
2019-08-02 08:59:54.853883
['2017-10-25', '15', '9', '阴', '北风', '1级']
2019-08-02 08:59:54.854860
['2017-10-26', '8', '0', '多云', '北风', '小于3级']
2019-08-02 08:59:54.854860
['2017-10-27', '10', '0', '雾', '北风', '小于3级']
2019-08-02 08:59:54.854860
['2017-10-28', '5', '0', '晴', '北风', '4～5级']
2019-08-02 08:59:54.855836
['2017-10-29', '1', '0', '晴', '西北风', '小于3级']
2019-08-02 08:59:54.855836
['2017-10-30', '16', '2', '晴', '西南风', '2级']
2019-08-02 08:59:54.855836
['2017-10-31', '17', '4', '多云', '东风', '1级']
2019-08-02 08:59:56.092179
['2017-09-01', '27', '19', '多云', '西南风', '1级']
2019-08-02 08:59:56.092179
['2017-09-02', '28', '19', '多云', '西南风', '2级']
2019-08-02 08:59:56.093155
['2017-09-03', '30', '19', '多云', '南风', '2级']
2019-08-02 08:59:56.093155
['2017-09-04', '29', '20', '阴', '南风', '2级']
2019-08-02 08:59:56.093155
['2017-09-05', '31', '18', '多云', '西风', '2级']
2019-08-02 08:59:56.093155
['2017-09-06', '31', '18', '晴', '东南风', '2级']
2019-08-02 08:59:56.094131
['2017-09-07', '31', '19', '晴', '南风', '2级']
2019-08-02 08:59:56.094131
['2017-09-08', '32', '21', '多云', '东南风', '2级']
2019-08-02 08:59:56.094131
['2017-09-09', '30', '21', '多云', '东南风', '1级']
2019-08-02 08:59:56.095108
['2017-09-10', '28', '19', '雷阵雨', '东南风', '1级']
2019-08-02 08:59:56.095108
['2017-09-11', '30', '15', '晴', '南风', '2级']
2019-08-02 08:59:56.095108
['2017-09-12', '29', '18', '晴', '南风', '2级']
2019-08-02 08:59:56.095108
['2017-09-13', '29', '20', '多云', '西南风', '2级']
2019-08-02 08:59:56.096085
['2017-09-14', '29', '20', '阴', '南风', '2级']
2019-08-02 08:59:56.096085
['2017-09-15', '28', '18', '阵雨', '南风', '2级']
2019-08-02 08:59:56.096085
['2017-09-16', '28', '18', '阴', '西风', '1级']
2019-08-02 08:59:56.097062
['2017-09-17', '29', '16', '晴', '西南风', '2级']
2019-08-02 08:59:56.097062
['2017-09-18', '31', '18', '晴', '西风', '2级']
2019-08-02 08:59:56.097062
['2017-09-19', '30', '14', '晴', '西风', '1级']
2019-08-02 08:59:56.097062
['2017-09-20', '27', '14', '晴', '南风', '2级']
2019-08-02 08:59:56.098037
['2017-09-21', '30', '17', '阵雨', '东南风', '2级']
2019-08-02 08:59:56.098037
['2017-09-22', '28', '14', '晴', '西南风', '1级']
2019-08-02 08:59:56.098037
['2017-09-23', '27', '17', '多云', '东风', '2级']
2019-08-02 08:59:56.098037
['2017-09-24', '30', '18', '多云', '北风', '微风']
2019-08-02 08:59:56.099014
['2017-09-25', '28', '20', '阴', '北风', '微风']
2019-08-02 08:59:56.099014
['2017-09-26', '24', '13', '小雨', '东风', '2级']
2019-08-02 08:59:56.099014
['2017-09-27', '24', '10', '阴', '东北风', '1级']
2019-08-02 08:59:56.099014
['2017-09-28', '22', '11', '晴', '西南风', '2级']
2019-08-02 08:59:56.099990
['2017-09-29', '25', '11', '晴', '南风', '1级']
2019-08-02 08:59:56.099990
['2017-09-30', '26', '16', '多云', '西风', '1级']
2019-08-02 08:59:57.383213
['2017-08-01', '31', '24', '阴', '东南风', '2级']
2019-08-02 08:59:57.384186
['2017-08-02', '30', '24', '阵雨', '北风', '1级']
2019-08-02 08:59:57.384186
['2017-08-03', '36', '24', '晴', '西风', '2级']
2019-08-02 08:59:57.385164
['2017-08-04', '37', '25', '晴', '西风', '1级']
2019-08-02 08:59:57.385164
['2017-08-05', '33', '23', '雷阵雨', '东风', '2级']
2019-08-02 08:59:57.385164
['2017-08-06', '34', '24', '多云', '北风', '微风']
2019-08-02 08:59:57.386140
['2017-08-07', '37', '24', '多云', '西南风', '2级']
2019-08-02 08:59:57.386140
['2017-08-08', '35', '23', '多云', '东南风', '2级']
2019-08-02 08:59:57.387115
['2017-08-09', '31', '23', '雷阵雨', '东风', '1级']
2019-08-02 08:59:57.387115
['2017-08-10', '33', '24', '多云', '东风', '2级']
2019-08-02 08:59:57.387115
['2017-08-11', '30', '23', '雷阵雨', '东北风', '3级']
2019-08-02 08:59:57.388094
['2017-08-12', '29', '22', '小到中雨', '东南风', '2级']
2019-08-02 08:59:57.388094
['2017-08-13', '28', '23', '雷阵雨', '西北风', '1级']
2019-08-02 08:59:57.388094
['2017-08-14', '30', '23', '阴', '东南风', '2级']
2019-08-02 08:59:57.389075
['2017-08-15', '30', '23', '雷阵雨', '南风', '2级']
2019-08-02 08:59:57.389075
['2017-08-16', '30', '23', '雷阵雨', '南风', '2级']
2019-08-02 08:59:57.389075
['2017-08-17', '30', '22', '多云', '南风', '2级']
2019-08-02 08:59:57.390051
['2017-08-18', '29', '22', '雷阵雨', '东风', '1级']
2019-08-02 08:59:57.390051
['2017-08-19', '29', '22', '阵雨', '东南风', '1级']
2019-08-02 08:59:57.390051
['2017-08-20', '30', '23', '阴', '南风', '1级']
2019-08-02 08:59:57.391026
['2017-08-21', '33', '24', '多云', '西南风', '2级']
2019-08-02 08:59:57.391026
['2017-08-22', '31', '22', '雷阵雨', '北风', '2级']
2019-08-02 08:59:57.391026
['2017-08-23', '33', '22', '多云', '东南风', '1级']
2019-08-02 08:59:57.391026
['2017-08-24', '33', '20', '晴', '西北风', '2级']
2019-08-02 08:59:57.392003
['2017-08-25', '32', '19', '多云', '西风', '1级']
2019-08-02 08:59:57.392003
['2017-08-26', '29', '19', '多云', '南风', '2级']
2019-08-02 08:59:57.392003
['2017-08-27', '19', '17', '阵雨', '东风', '2级']
2019-08-02 08:59:57.392979
['2017-08-28', '28', '17', '晴', '东北风', '1级']
2019-08-02 08:59:57.392979
['2017-08-29', '26', '16', '多云', '西南风', '2级']
2019-08-02 08:59:57.392979
['2017-08-30', '28', '19', '多云', '南风', '1级']
2019-08-02 08:59:57.392979
['2017-08-31', '27', '20', '多云', '西南风', '2级']
2019-08-02 08:59:58.777757
['2017-07-01', '37', '24', '多云', '南风', '2级']
2019-08-02 08:59:58.777757
['2017-07-02', '36', '24', '多云', '东南风', '2级']
2019-08-02 08:59:58.777757
['2017-07-03', '36', '24', '多云', '东风', '2级']
2019-08-02 08:59:58.778734
['2017-07-04', '27', '23', '雷阵雨', '东南风', '1级']
2019-08-02 08:59:58.778734
['2017-07-05', '31', '23', '多云', '南风', '2级']
2019-08-02 08:59:58.778734
['2017-07-06', '27', '23', '小雨', '东风', '1级']
2019-08-02 08:59:58.778734
['2017-07-07', '34', '23', '晴', '东风', '1级']
2019-08-02 08:59:58.779709
['2017-07-08', '34', '23', '多云', '东风', '1级']
2019-08-02 08:59:58.779709
['2017-07-09', '35', '24', '多云', '东风', '1级']
2019-08-02 08:59:58.779709
['2017-07-10', '37', '23', '晴', '西南风', '2级']
2019-08-02 08:59:58.780685
['2017-07-11', '37', '26', '多云', '东南风', '1级']
2019-08-02 08:59:58.780685
['2017-07-12', '36', '27', '多云', '南风', '1级']
2019-08-02 08:59:58.780685
['2017-07-13', '37', '25', '雷阵雨', '西南风', '1级']
2019-08-02 08:59:58.780685
['2017-07-14', '34', '24', '雷阵雨', '东风', '1级']
2019-08-02 08:59:58.781663
['2017-07-15', '32', '25', '阵雨', '北风', '微风']
2019-08-02 08:59:58.781663
['2017-07-16', '34', '25', '晴', '东南风', '1级']
2019-08-02 08:59:58.781663
['2017-07-17', '35', '25', '多云', '东风', '1级']
2019-08-02 08:59:58.781663
['2017-07-18', '31', '25', '阵雨', '南风', '微风']
2019-08-02 08:59:58.782640
['2017-07-19', '32', '25', '阴', '南风', '1级']
2019-08-02 08:59:58.782640
['2017-07-20', '33', '23', '雷阵雨', '南风', '1级']
2019-08-02 08:59:58.782640
['2017-07-21', '27', '24', '阵雨', '南风', '1级']
2019-08-02 08:59:58.782640
['2017-07-22', '28', '24', '阴', '东北风', '1级']
2019-08-02 08:59:58.783616
['2017-07-23', '28', '24', '雷阵雨', '东风', '1级']
2019-08-02 08:59:58.783616
['2017-07-24', '30', '23', '阴', '东南风', '1级']
2019-08-02 08:59:58.783616
['2017-07-25', '32', '22', '阴', '西南风', '2级']
2019-08-02 08:59:58.784592
['2017-07-26', '24', '19', '小到中雨', '东风', '1级']
2019-08-02 08:59:58.784592
['2017-07-27', '30', '23', '多云', '西南风', '2级']
2019-08-02 08:59:58.784592
['2017-07-28', '30', '22', '多云', '西南风', '2级']
2019-08-02 08:59:58.784592
['2017-07-29', '32', '21', '多云', '西南风', '2级']
2019-08-02 08:59:58.785569
['2017-07-30', '31', '21', '多云', '西南风', '2级']
2019-08-02 08:59:58.785569
['2017-07-31', '32', '23', '晴', '南风', '1级']
2019-08-02 09:00:00.007265
['2017-06-01', '32', '17', '晴', '西南风', '4级']
2019-08-02 09:00:00.007754
['2017-06-02', '23', '13', '阴', '东风', '5级']
2019-08-02 09:00:00.007754
['2017-06-03', '29', '16', '晴', '南风', '3级']
2019-08-02 09:00:00.007754
['2017-06-04', '31', '19', '晴', '南风', '4级']
2019-08-02 09:00:00.008728
['2017-06-05', '30', '15', '多云', '南风', '3级']
2019-08-02 09:00:00.009217
['2017-06-06', '20', '13', '小雨', '东风', '2级']
2019-08-02 09:00:00.009217
['2017-06-07', '31', '18', '晴', '西南风', '3级']
2019-08-02 09:00:00.009707
['2017-06-08', '35', '21', '多云', '西风', '2级']
2019-08-02 09:00:00.009707
['2017-06-09', '37', '21', '晴', '东南风', '5级']
2019-08-02 09:00:00.009707
['2017-06-10', '30', '17', '多云', '南风', '4级']
2019-08-02 09:00:00.009707
['2017-06-11', '31', '17', '阴', '东南风', '4级']
2019-08-02 09:00:00.010683
['2017-06-12', '27', '18', '阵雨', '东风', '4级']
2019-08-02 09:00:00.010683
['2017-06-13', '28', '17', '雷阵雨', '西风', '3级']
2019-08-02 09:00:00.010683
['2017-06-14', '36', '21', '晴', '西南风', '3级']
2019-08-02 09:00:00.010683
['2017-06-15', '38', '23', '晴', '西南风', '3级']
2019-08-02 09:00:00.011660
['2017-06-16', '38', '24', '多云', '西南风', '5级']
2019-08-02 09:00:00.011660
['2017-06-17', '35', '25', '雷阵雨', '南风', '4级']
2019-08-02 09:00:00.011660
['2017-06-18', '36', '22', '阴', '西南风', '2级']
2019-08-02 09:00:00.012634
['2017-06-19', '33', '21', '雷阵雨', '西南风', '3级']
2019-08-02 09:00:00.012634
['2017-06-20', '35', '21', '多云', '西南风', '4级']
2019-08-02 09:00:00.013124
['2017-06-21', '33', '22', '雷阵雨', '北风', '3级']
2019-08-02 09:00:00.013610
['2017-06-22', '23', '20', '中到大雨', '东风', '2级']
2019-08-02 09:00:00.013610
['2017-06-23', '23', '19', '小到中雨', '北风', '3级']
2019-08-02 09:00:00.014102
['2017-06-24', '26', '18', '多云', '南风', '2级']
2019-08-02 09:00:00.014102
['2017-06-25', '32', '20', '多云', '东北风', '4级']
2019-08-02 09:00:00.014588
['2017-06-26', '34', '21', '多云', '南风', '3级']
2019-08-02 09:00:00.014588
['2017-06-27', '35', '22', '多云', '南风', '3级']
2019-08-02 09:00:00.014588
['2017-06-28', '36', '24', '多云', '东南风', '2级']
2019-08-02 09:00:00.014588
['2017-06-29', '35', '24', '雷阵雨', '西南风', '2级']
2019-08-02 09:00:00.015571
['2017-06-30', '36', '25', '多云', '西南风', '2级']
2019-08-02 09:00:01.169881
['2017-05-01', '29', '15', '晴', '东风', '3级']
2019-08-02 09:00:01.170853
['2017-05-02', '30', '17', '多云', '西南风', '3级']
2019-08-02 09:00:01.170853
['2017-05-03', '28', '16', '阴', '南风', '5级']
2019-08-02 09:00:01.170853
['2017-05-04', '26', '13', '浮尘', '东北风', '3级']
2019-08-02 09:00:01.170853
['2017-05-05', '22', '11', '晴', '西南风', '3级']
2019-08-02 09:00:01.171827
['2017-05-06', '29', '11', '晴', '西北风', '6级']
2019-08-02 09:00:01.171827
['2017-05-07', '30', '15', '晴', '西南风', '5级']
2019-08-02 09:00:01.171827
['2017-05-08', '30', '15', '多云', '西南风', '3级']
2019-08-02 09:00:01.172804
['2017-05-09', '29', '15', '多云', '西南风', '5级']
2019-08-02 09:00:01.172804
['2017-05-10', '31', '14', '晴', '西风', '4级']
2019-08-02 09:00:01.172804
['2017-05-11', '30', '12', '晴', '西北风', '6级']
2019-08-02 09:00:01.172804
['2017-05-12', '30', '15', '多云', '北风', '4级']
2019-08-02 09:00:01.173783
['2017-05-13', '27', '15', '晴', '西北风', '2级']
2019-08-02 09:00:01.173783
['2017-05-14', '27', '13', '多云', '西风', '3级']
2019-08-02 09:00:01.173783
['2017-05-15', '28', '15', '晴', '西南风', '4级']
2019-08-02 09:00:01.173783
['2017-05-16', '32', '17', '多云', '南风', '5级']
2019-08-02 09:00:01.174759
['2017-05-17', '34', '19', '晴', '东南风', '3级']
2019-08-02 09:00:01.174759
['2017-05-18', '36', '21', '晴', '西南风', '3级']
2019-08-02 09:00:01.174759
['2017-05-19', '36', '22', '多云', '南风', '4级']
2019-08-02 09:00:01.175735
['2017-05-20', '35', '20', '多云', '西南风', '3级']
2019-08-02 09:00:01.175735
['2017-05-21', '32', '17', '多云', '东南风', '4级']
2019-08-02 09:00:01.175735
['2017-05-22', '17', '12', '小到中雨', '北风', '1级']
2019-08-02 09:00:01.175735
['2017-05-23', '28', '13', '晴', '西南风', '4级']
2019-08-02 09:00:01.176710
['2017-05-24', '34', '16', '多云', '西南风', '6级']
2019-08-02 09:00:01.176710
['2017-05-25', '31', '16', '晴', '西南风', '5级']
2019-08-02 09:00:01.176710
['2017-05-26', '31', '17', '晴', '西南风', '3级']
2019-08-02 09:00:01.177689
['2017-05-27', '35', '21', '晴', '南风', '2级']
2019-08-02 09:00:01.177689
['2017-05-28', '36', '22', '多云', '东风', '3级']
2019-08-02 09:00:01.177689
['2017-05-29', '27', '18', '阴', '东风', '3级']
2019-08-02 09:00:01.177689
['2017-05-30', '25', '16', '阵雨', '西风', '2级']
2019-08-02 09:00:01.178663
['2017-05-31', '33', '17', '阴', '西风', '3级']
2019-08-02 09:00:02.364225
['2017-04-01', '22', '6', '晴', '南风', '4级']
2019-08-02 09:00:02.364225
['2017-04-02', '24', '6', '晴', '南风', '1级']
2019-08-02 09:00:02.365202
['2017-04-03', '25', '12', '多云', '西南风', '2级']
2019-08-02 09:00:02.365202
['2017-04-04', '21', '12', '阴', '南风', '4级']
2019-08-02 09:00:02.365202
['2017-04-05', '20', '9', '多云', '东南风', '4级']
2019-08-02 09:00:02.365202
['2017-04-06', '24', '11', '多云', '西风', '2级']
2019-08-02 09:00:02.366179
['2017-04-07', '20', '13', '阴', '东风', '2级']
2019-08-02 09:00:02.366179
['2017-04-08', '20', '7', '阴', '西南风', '3级']
2019-08-02 09:00:02.366179
['2017-04-09', '20', '8', '多云', '西南风', '4级']
2019-08-02 09:00:02.367156
['2017-04-10', '21', '11', '多云', '西南风', '4级']
2019-08-02 09:00:02.367156
['2017-04-11', '23', '7', '晴', '东北风', '1级']
2019-08-02 09:00:02.367156
['2017-04-12', '26', '9', '晴', '东南风', '5级']
2019-08-02 09:00:02.368132
['2017-04-13', '21', '8', '阴', '西风', '4级']
2019-08-02 09:00:02.368132
['2017-04-14', '27', '11', '多云', '西南风', '4级']
2019-08-02 09:00:02.368132
['2017-04-15', '32', '14', '晴', '西北风', '5级']
2019-08-02 09:00:02.368132
['2017-04-16', '27', '13', '阴', '东南风', '3级']
2019-08-02 09:00:02.369108
['2017-04-17', '27', '12', '多云', '西风', '7级']
2019-08-02 09:00:02.369108
['2017-04-18', '24', '10', '晴', '西北风', '2级']
2019-08-02 09:00:02.370085
['2017-04-19', '18', '10', '阵雨', '西风', '2级']
2019-08-02 09:00:02.370085
['2017-04-20', '23', '10', '多云', '东北风', '2级']
2019-08-02 09:00:02.370085
['2017-04-21', '23', '9', '晴', '西南风', '4级']
2019-08-02 09:00:02.370085
['2017-04-22', '27', '14', '晴', '西南风', '6级']
2019-08-02 09:00:02.371062
['2017-04-23', '24', '11', '晴', '西南风', '4级']
2019-08-02 09:00:02.371062
['2017-04-24', '24', '11', '晴', '西风', '5级']
2019-08-02 09:00:02.371062
['2017-04-25', '19', '8', '多云', '西南风', '4级']
2019-08-02 09:00:02.372038
['2017-04-26', '25', '10', '晴', '西北风', '3级']
2019-08-02 09:00:02.372038
['2017-04-27', '29', '14', '晴', '西风', '2级']
2019-08-02 09:00:02.372038
['2017-04-28', '31', '15', '晴', '北风', '6级']
2019-08-02 09:00:02.373015
['2017-04-29', '34', '18', '晴', '西风', '5级']
2019-08-02 09:00:02.373015
['2017-04-30', '30', '14', '晴', '西南风', '4级']
2019-08-02 09:00:03.569318
['2017-03-01', '8', '-3', '晴', '北风', '3级']
2019-08-02 09:00:03.570294
['2017-03-02', '13', '-2', '晴', '西南风', '2级']
2019-08-02 09:00:03.570294
['2017-03-03', '14', '-3', '晴', '东南风', '3级']
2019-08-02 09:00:03.570294
['2017-03-05', '12', '-2', '晴', '东北风', '2级']
2019-08-02 09:00:03.570294
['2017-03-06', '10', '-3', '多云', '北风', '3级']
2019-08-02 09:00:03.571269
['2017-03-07', '9', '2', '晴', '北风', '3级']
2019-08-02 09:00:03.571269
['2017-03-08', '13', '2', '晴', '北风', '2级']
2019-08-02 09:00:03.571269
['2017-03-09', '16', '1', '晴', '西风', '2级']
2019-08-02 09:00:03.571269
['2017-03-10', '18', '3', '多云', '西南风', '2级']
2019-08-02 09:00:03.572245
['2017-03-11', '19', '7', '阴', '北风', '2级']
2019-08-02 09:00:03.572245
['2017-03-12', '14', '2', '晴', '东北风', '1级']
2019-08-02 09:00:03.572245
['2017-03-13', '14', '2', '晴', '西南风', '2级']
2019-08-02 09:00:03.573224
['2017-03-14', '16', '2', '晴', '东南风', '2级']
2019-08-02 09:00:03.573224
['2017-03-15', '16', '3', '多云', '西南风', '2级']
2019-08-02 09:00:03.573224
['2017-03-16', '17', '7', '多云', '西南风', '2级']
2019-08-02 09:00:03.574199
['2017-03-17', '17', '5', '阴', '南风', '1级']
2019-08-02 09:00:03.574199
['2017-03-18', '20', '5', '晴', '东南风', '2级']
2019-08-02 09:00:03.574199
['2017-03-19', '17', '7', '多云', '东南风', '2级']
2019-08-02 09:00:03.574199
['2017-03-20', '12', '6', '小雨', '东北风', '1级']
2019-08-02 09:00:03.575178
['2017-03-21', '15', '5', '多云', '西南风', '3级']
2019-08-02 09:00:03.575178
['2017-03-22', '15', '6', '阴', '东风', '2级']
2019-08-02 09:00:03.575178
['2017-03-23', '11', '2', '小雨', '东北风', '2级']
2019-08-02 09:00:03.575178
['2017-03-24', '4', '0', '雨夹雪', '北风', '1级']
2019-08-02 09:00:03.576152
['2017-03-25', '14', '4', '多云', '西北风', '4级']
2019-08-02 09:00:03.576152
['2017-03-26', '15', '4', '多云', '西风', '3级']
2019-08-02 09:00:03.576152
['2017-03-27', '15', '4', '晴', '南风', '2级']
2019-08-02 09:00:03.576152
['2017-03-28', '16', '4', '晴', '西南风', '4级']
2019-08-02 09:00:03.577129
['2017-03-29', '20', '7', '晴', '西南风', '3级']
2019-08-02 09:00:03.577129
['2017-03-30', '16', '5', '多云', '西南风', '2级']
2019-08-02 09:00:03.577129
['2017-03-31', '17', '6', '晴', '西风', '4级']
2019-08-02 09:00:04.798828
['2017-02-01', '4', '-8', '晴', '西南风', '2级']
2019-08-02 09:00:04.798828
['2017-02-02', '5', '-6', '晴', '西南风', '1级']
2019-08-02 09:00:04.799803
['2017-02-03', '7', '-2', '多云', '东南风', '1级']
2019-08-02 09:00:04.799803
['2017-02-04', '8', '-2', '多云', '北风', '3级']
2019-08-02 09:00:04.799803
['2017-02-05', '9', '-4', '晴', '北风', '2级']
2019-08-02 09:00:04.800781
['2017-02-06', '6', '-5', '多云', '西风', '3级']
2019-08-02 09:00:04.800781
['2017-02-07', '2', '-4', '阴', '东北风', '1级']
2019-08-02 09:00:04.801756
['2017-02-08', '4', '-7', '晴', '北风', '3级']
2019-08-02 09:00:04.801756
['2017-02-09', '3', '-5', '晴', '北风', '2级']
2019-08-02 09:00:04.802731
['2017-02-10', '4', '-6', '晴', '西风', '1级']
2019-08-02 09:00:04.802731
['2017-02-11', '7', '-5', '晴', '东风', '1级']
2019-08-02 09:00:04.802731
['2017-02-12', '10', '-3', '晴', '东风', '1级']
2019-08-02 09:00:04.803709
['2017-02-13', '11', '-4', '晴', '东南风', '1级']
2019-08-02 09:00:04.803709
['2017-02-14', '7', '-3', '多云', '北风', '微风']
2019-08-02 09:00:04.803709
['2017-02-15', '8', '1', '多云', '东北风', '1级']
2019-08-02 09:00:04.804686
['2017-02-16', '10', '-3', '多云', '北风', '2级']
2019-08-02 09:00:04.804686
['2017-02-17', '5', '-4', '晴', '西南风', '3级']
2019-08-02 09:00:04.804686
['2017-02-18', '8', '-1', '晴', '东南风', '1级']
2019-08-02 09:00:04.804686
['2017-02-19', '15', '-1', '多云', '北风', '4级']
2019-08-02 09:00:04.805660
['2017-02-20', '6', '-2', '多云', '西南风', '1级']
2019-08-02 09:00:04.805660
['2017-02-21', '1', '-3', '小雪', '东南风', '2级']
2019-08-02 09:00:04.806639
['2017-02-22', '6', '-3', '晴', '北风', '2级']
2019-08-02 09:00:04.806639
['2017-02-23', '9', '-4', '晴', '西南风', '2级']
2019-08-02 09:00:04.806639
['2017-02-24', '11', '-3', '晴', '西北风', '2级']
2019-08-02 09:00:04.807615
['2017-02-25', '13', '-1', '多云', '西北风', '2级']
2019-08-02 09:00:04.807615
['2017-02-26', '13', '-3', '晴', '西南风', '2级']
2019-08-02 09:00:04.808592
['2017-02-27', '15', '2', '晴', '西南风', '1级']
2019-08-02 09:00:04.808592
['2017-02-28', '15', '2', '多云', '西风', '1级']
2019-08-02 09:00:05.972665
['2017-01-01', '3', '-3', '霾', '东风', '2级']
2019-08-02 09:00:05.972665
['2017-01-02', '8', '-6', '晴', '西风', '2级']
2019-08-02 09:00:05.972665
['2017-01-03', '5', '-5', '霾', '北风', '微风']
2019-08-02 09:00:05.973641
['2017-01-04', '6', '-6', '霾', '东风', '1级']
2019-08-02 09:00:05.973641
['2017-01-05', '2', '-4', '小雪', '东北风', '1级']
2019-08-02 09:00:05.973641
['2017-01-06', '5', '-3', '霾', '东北风', '1级']
2019-08-02 09:00:05.973641
['2017-01-07', '4', '-3', '小雪', '东风', '1级']
2019-08-02 09:00:05.974618
['2017-01-08', '6', '-4', '晴', '北风', '2级']
2019-08-02 09:00:05.974618
['2017-01-09', '5', '-4', '晴', '西南风', '3级']
2019-08-02 09:00:05.974618
['2017-01-10', '4', '-6', '晴', '东北风', '1级']
2019-08-02 09:00:05.975594
['2017-01-11', '5', '-6', '晴', '西北风', '1级']
2019-08-02 09:00:05.975594
['2017-01-12', '7', '-4', '晴', '西北风', '2级']
2019-08-02 09:00:05.975594
['2017-01-13', '4', '-4', '晴', '西北风', '2级']
2019-08-02 09:00:05.975594
['2017-01-14', '3', '-7', '晴', '东南风', '2级']
2019-08-02 09:00:05.976571
['2017-01-15', '1', '-6', '多云', '东北风', '1级']
2019-08-02 09:00:05.976571
['2017-01-16', '1', '-4', '小雪', '东风', '1级']
2019-08-02 09:00:05.976571
['2017-01-17', '3', '-5', '霾', '西南风', '1级']
2019-08-02 09:00:05.976571
['2017-01-18', '3', '-4', '多云', '东南风', '2级']
2019-08-02 09:00:05.977547
['2017-01-19', '2', '-8', '晴', '北风', '3级']
2019-08-02 09:00:05.977547
['2017-01-20', '1', '-9', '晴', '西南风', '2级']
2019-08-02 09:00:05.977547
['2017-01-21', '0', '-9', '晴', '东北风', '2级']
2019-08-02 09:00:05.977547
['2017-01-22', '0', '-9', '晴', '东风', '1级']
2019-08-02 09:00:05.978523
['2017-01-23', '1', '-8', '晴', '东风', '1级']
2019-08-02 09:00:05.978523
['2017-01-24', '3', '-8', '晴', '东南风', '1级']
2019-08-02 09:00:05.978523
['2017-01-25', '4', '-5', '晴', '东风', '1级']
2019-08-02 09:00:05.979500
['2017-01-26', '8', '-6', '晴', '北风', '3级']
2019-08-02 09:00:05.979500
['2017-01-27', '7', '-5', '晴', '东南风', '1级']
2019-08-02 09:00:05.979500
['2017-01-28', '4', '-4', '多云', '北风', '微风']
2019-08-02 09:00:05.979500
['2017-01-29', '0', '-8', '多云', '北风', '2级']
2019-08-02 09:00:05.980477
['2017-01-30', '1', '-6', '晴', '南风', '2级']
2019-08-02 09:00:05.980477
['2017-01-31', '6', '-4', '晴', '北风', '1级']
